Change Component Designator: OldDesignator=F? NewDesignator=F1
Added Component: Designator=C3(FP_0805_CAP_085)
Add component. Clean all parameters for all variants
Add component (AddParameter): Name = "Name"; Value = "SMD Multilayer Ceramic Capacitor, 0805"; VariantName = "[No Variations]"
Add component (AddParameter): Name = "Reference"; Value = "1759246"; VariantName = "[No Variations]"
Add component (AddParameter): Name = "Supplier"; Value = "Farnell"; VariantName = "[No Variations]"
Add component (AddParameter): Name = "Tolerance"; Value = "10%"; VariantName = "[No Variations]"
Add component (AddParameter): Name = "Value"; Value = "10nF"; VariantName = "[No Variations]"
Add component (AddParameter): Name = "Voltage"; Value = "50V"; VariantName = "[No Variations]"
Added Component: Designator=R4(FP_0805_RES)
Add component. Clean all parameters for all variants
Add component (AddParameter): Name = "Name"; Value = "YAGEO (PHYCOMP)  RC0805JR-0710KL  SMD Chip Resistor, Thick Film, 10 kohm"; VariantName = "[No Variations]"
Add component (AddParameter): Name = "Power"; Value = "125mW"; VariantName = "[No Variations]"
Add component (AddParameter): Name = "Reference"; Value = "9234136"; VariantName = "[No Variations]"
Add component (AddParameter): Name = "Supplier"; Value = "Farnell"; VariantName = "[No Variations]"
Add component (AddParameter): Name = "Tolerance"; Value = "5%"; VariantName = "[No Variations]"
Add component (AddParameter): Name = "Value"; Value = "10K"; VariantName = "[No Variations]"
Added Pin To Net: NetName=GND Pin=C3-1
Added Pin To Net: NetName=NetARDUINO_MINI_PRO_12 Pin=C3-2
Added Pin To Net: NetName=GND Pin=R4-1
Added Pin To Net: NetName=Output Switch Pin=R4-2
Added Member To Class: ClassName=Node_Unit_Schematic Member=Component C3 10nF
Added Member To Class: ClassName=Node_Unit_Schematic Member=Component R4 10K
Added Room: Name=Node_Unit_Schematic
