Added Component: Designator=B1(FP_BTN_SMD_3x6)
Add component. Clean all parameters for all variants
Add component (AddParameter): Name = "Name"; Value = ""; VariantName = "[No Variations]"
Add component (AddParameter): Name = "Reference"; Value = ""; VariantName = "[No Variations]"
Add component (AddParameter): Name = "Supplier"; Value = ""; VariantName = "[No Variations]"
Added Component: Designator=R2(FP_0805_RES)
Add component. Clean all parameters for all variants
Add component (AddParameter): Name = "Name"; Value = "YAGEO (PHYCOMP)  RC0805JR-0710KL  SMD Chip Resistor, Thick Film, 10 kohm"; VariantName = "[No Variations]"
Add component (AddParameter): Name = "Power"; Value = "125mW"; VariantName = "[No Variations]"
Add component (AddParameter): Name = "Reference"; Value = "9234136"; VariantName = "[No Variations]"
Add component (AddParameter): Name = "Supplier"; Value = "Farnell"; VariantName = "[No Variations]"
Add component (AddParameter): Name = "Tolerance"; Value = "5%"; VariantName = "[No Variations]"
Add component (AddParameter): Name = "Value"; Value = "10K"; VariantName = "[No Variations]"
Added Pin To Net: NetName=GND Pin=B1-2
Added Pin To Net: NetName=Vcc Pin=R2-1
Added Pin To Net: NetName=NetARDUINO_MINI_PRO_12 Pin=ARDUINO_MINI_PRO-12
Added Pin To Net: NetName=NetARDUINO_MINI_PRO_12 Pin=B1-1
Added Pin To Net: NetName=NetARDUINO_MINI_PRO_12 Pin=R2-2
Added Net: Name=NetARDUINO_MINI_PRO_12
Added Member To Class: ClassName=Node_Unit_Schematic Member=Component B1 Button small
Added Member To Class: ClassName=Node_Unit_Schematic Member=Component R2 10K
